  MyPractice.cpp
E:\visual_studio_workspace\MyPractice\MyPractice.cpp(10,15): warning C4244: '=': conversion from 'double' to 'float', possible loss of data
E:\visual_studio_workspace\MyPractice\MyPractice.cpp(11,15): warning C4244: '=': conversion from 'double' to 'float', possible loss of data
E:\visual_studio_workspace\MyPractice\MyPractice.cpp(13,13): warning C4566: character represented by universal-character-name '\u0645' cannot be represented in the current code page (1252)
E:\visual_studio_workspace\MyPractice\MyPractice.cpp(13,13): warning C4566: character represented by universal-character-name '\u0633' cannot be represented in the current code page (1252)
E:\visual_studio_workspace\MyPractice\MyPractice.cpp(13,13): warning C4566: character represented by universal-character-name '\u0627' cannot be represented in the current code page (1252)
E:\visual_studio_workspace\MyPractice\MyPractice.cpp(13,13): warning C4566: character represented by universal-character-name '\u062D' cannot be represented in the current code page (1252)
E:\visual_studio_workspace\MyPractice\MyPractice.cpp(13,13): warning C4566: character represented by universal-character-name '\u062A' cannot be represented in the current code page (1252)
E:\visual_studio_workspace\MyPractice\MyPractice.cpp(13,13): warning C4566: character represented by universal-character-name '\u062F' cannot be represented in the current code page (1252)
E:\visual_studio_workspace\MyPractice\MyPractice.cpp(13,13): warning C4566: character represented by universal-character-name '\u06CC' cannot be represented in the current code page (1252)
E:\visual_studio_workspace\MyPractice\MyPractice.cpp(13,13): warning C4566: character represented by universal-character-name '\u0631' cannot be represented in the current code page (1252)
E:\visual_studio_workspace\MyPractice\MyPractice.cpp(13,13): warning C4566: character represented by universal-character-name '\u0647' cannot be represented in the current code page (1252)
E:\visual_studio_workspace\MyPractice\MyPractice.cpp(13,13): warning C4566: character represented by universal-character-name '\u0628' cannot be represented in the current code page (1252)
E:\visual_studio_workspace\MyPractice\MyPractice.cpp(13,13): warning C4566: character represented by universal-character-name '\u0634' cannot be represented in the current code page (1252)
E:\visual_studio_workspace\MyPractice\MyPractice.cpp(13,13): warning C4566: character represented by universal-character-name '\u0639' cannot be represented in the current code page (1252)
E:\visual_studio_workspace\MyPractice\MyPractice.cpp(13,60): warning C4566: character represented by universal-character-name '\u0628' cannot be represented in the current code page (1252)
E:\visual_studio_workspace\MyPractice\MyPractice.cpp(13,60): warning C4566: character represented by universal-character-name '\u0631' cannot be represented in the current code page (1252)
E:\visual_studio_workspace\MyPractice\MyPractice.cpp(13,60): warning C4566: character represented by universal-character-name '\u0627' cannot be represented in the current code page (1252)
E:\visual_studio_workspace\MyPractice\MyPractice.cpp(13,60): warning C4566: character represented by universal-character-name '\u0633' cannot be represented in the current code page (1252)
E:\visual_studio_workspace\MyPractice\MyPractice.cpp(13,60): warning C4566: character represented by universal-character-name '\u062A' cannot be represented in the current code page (1252)
E:\visual_studio_workspace\MyPractice\MyPractice.cpp(14,13): warning C4566: character represented by universal-character-name '\u0645' cannot be represented in the current code page (1252)
E:\visual_studio_workspace\MyPractice\MyPractice.cpp(14,13): warning C4566: character represented by universal-character-name '\u062D' cannot be represented in the current code page (1252)
E:\visual_studio_workspace\MyPractice\MyPractice.cpp(14,13): warning C4566: character represented by universal-character-name '\u06CC' cannot be represented in the current code page (1252)
E:\visual_studio_workspace\MyPractice\MyPractice.cpp(14,13): warning C4566: character represented by universal-character-name '\u0637' cannot be represented in the current code page (1252)
E:\visual_studio_workspace\MyPractice\MyPractice.cpp(14,13): warning C4566: character represented by universal-character-name '\u062F' cannot be represented in the current code page (1252)
E:\visual_studio_workspace\MyPractice\MyPractice.cpp(14,13): warning C4566: character represented by universal-character-name '\u0627' cannot be represented in the current code page (1252)
E:\visual_studio_workspace\MyPractice\MyPractice.cpp(14,13): warning C4566: character represented by universal-character-name '\u0631' cannot be represented in the current code page (1252)
E:\visual_studio_workspace\MyPractice\MyPractice.cpp(14,13): warning C4566: character represented by universal-character-name '\u0647' cannot be represented in the current code page (1252)
E:\visual_studio_workspace\MyPractice\MyPractice.cpp(14,13): warning C4566: character represented by universal-character-name '\u0628' cannot be represented in the current code page (1252)
E:\visual_studio_workspace\MyPractice\MyPractice.cpp(14,13): warning C4566: character represented by universal-character-name '\u0634' cannot be represented in the current code page (1252)
E:\visual_studio_workspace\MyPractice\MyPractice.cpp(14,13): warning C4566: character represented by universal-character-name '\u0639' cannot be represented in the current code page (1252)
E:\visual_studio_workspace\MyPractice\MyPractice.cpp(14,58): warning C4566: character represented by universal-character-name '\u0628' cannot be represented in the current code page (1252)
E:\visual_studio_workspace\MyPractice\MyPractice.cpp(14,58): warning C4566: character represented by universal-character-name '\u0631' cannot be represented in the current code page (1252)
E:\visual_studio_workspace\MyPractice\MyPractice.cpp(14,58): warning C4566: character represented by universal-character-name '\u0627' cannot be represented in the current code page (1252)
E:\visual_studio_workspace\MyPractice\MyPractice.cpp(14,58): warning C4566: character represented by universal-character-name '\u0633' cannot be represented in the current code page (1252)
E:\visual_studio_workspace\MyPractice\MyPractice.cpp(14,58): warning C4566: character represented by universal-character-name '\u062A' cannot be represented in the current code page (1252)
  MyPractice.vcxproj -> E:\visual_studio_workspace\MyPractice\x64\Debug\MyPractice.exe
